2025-04-05 11:01:29.410 | INFO     | main:signup:66 - 游댠 Entrou na rota /signup
2025-04-05 11:01:32.947 | ERROR    | main:signup:101 - Falha em signup: object bool can't be used in 'await' expression
2025-04-05 11:02:44.082 | INFO     | main:signup:66 - 游댠 Entrou na rota /signup
2025-04-05 11:03:04.978 | ERROR    | main:signup:101 - Falha em signup: enviar_email_verificacao() takes 1 positional argument but 2 were given
2025-04-05 11:07:28.915 | INFO     | main:signup:66 - 游댠 Entrou na rota /signup
2025-04-05 11:07:40.051 | ERROR    | main:signup:101 - Falha em signup: enviar_email_verificacao() takes 1 positional argument but 2 were given
2025-04-05 11:09:16.050 | INFO     | main:signup:66 - 游댠 Entrou na rota /signup
2025-04-05 11:13:07.938 | INFO     | main:signup:66 - 游댠 Entrou na rota /signup
2025-04-05 11:13:08.172 | INFO     | main:signup:90 - Novo usu치rio cadastrado com sucesso: renato.carvalhaes@gmail.com
2025-04-05 11:13:25.852 | INFO     | main:signup:66 - 游댠 Entrou na rota /signup
2025-04-05 11:13:26.046 | INFO     | main:signup:90 - Novo usu치rio cadastrado com sucesso: renato.carvalhaes@gmail.com
2025-04-05 11:36:58.474 | INFO     | main:signup:80 - 游댠 Entrou na rota /signup
2025-04-05 11:36:58.709 | INFO     | main:signup:104 - Novo usu치rio cadastrado com sucesso: renato.carvalhaes@gmail.com
2025-04-05 11:43:12.682 | INFO     | main:signup:80 - 游댠 Entrou na rota /signup
2025-04-05 11:43:12.715 | ERROR    | main:signup:87 - Cadastro recusado. Usu치rio j치 existe: renato.carvalhaes@gmail.com
2025-04-05 11:43:12.716 | ERROR    | main:signup:116 - Falha em signup: 409: Email j치 cadastrado
2025-04-05 11:44:11.346 | INFO     | main:signup:80 - 游댠 Entrou na rota /signup
2025-04-05 11:44:11.578 | INFO     | main:signup:104 - Novo usu치rio cadastrado com sucesso: renato.carvalhaes@gmail.com
2025-04-05 11:47:41.895 | INFO     | main:signup:80 - 游댠 Entrou na rota /signup
2025-04-05 11:47:41.899 | ERROR    | main:signup:87 - Cadastro recusado. Usu치rio j치 existe: renato.carvalhaes@gmail.com
2025-04-05 11:47:41.899 | ERROR    | main:signup:116 - Falha em signup: 409: Email j치 cadastrado
2025-04-05 11:48:24.058 | INFO     | main:signup:80 - 游댠 Entrou na rota /signup
2025-04-05 11:48:24.247 | INFO     | main:signup:104 - Novo usu치rio cadastrado com sucesso: renato.carvalhaes@gmail.com
2025-04-05 11:48:55.317 | INFO     | main:verificar_codigo:122 - Verificando c칩digo: renato.carvalhaes@gmail.com
2025-04-05 11:57:58.082 | INFO     | main:signup:80 - 游댠 Entrou na rota /signup
2025-04-05 11:57:58.085 | ERROR    | main:signup:87 - Cadastro recusado. Usu치rio j치 existe: renato.carvalhaes@gmail.com
2025-04-05 11:57:58.086 | ERROR    | main:signup:116 - Falha em signup: 409: Email j치 cadastrado
2025-04-05 12:18:58.873 | INFO     | main:signup:80 - 游댠 Entrou na rota /signup
2025-04-05 12:18:58.878 | ERROR    | main:signup:87 - Cadastro recusado. Usu치rio j치 existe: renato.carvalhaes@gmail.com
2025-04-05 12:18:58.879 | ERROR    | main:signup:116 - Falha em signup: 409: Email j치 cadastrado
2025-04-05 12:20:49.444 | INFO     | main:signup:80 - 游댠 Entrou na rota /signup
2025-04-05 12:20:49.447 | ERROR    | main:signup:87 - Cadastro recusado. Usu치rio j치 existe: renato.carvalhaes@gmail.com
2025-04-05 12:20:49.448 | ERROR    | main:signup:116 - Falha em signup: 409: Email j치 cadastrado
